Year, # of pixels with more than 95 percent detections, extent (km^2)
2017 19728543 12330.339375
2016 17459261 10912.038125
2015 17382152 10863.845
2014 18593769 11621.105625
2013 20111596 12569.7475
2012 24571155 15356.971875
2011 26545121 16590.700625
2010 16656455 10410.284375
2009 15896910 9935.56875
2008 16224598 10140.37375
2007 15730657 9831.660625
2006 16804885 10503.053125
2005 16834117 10521.323125
2004 17119571 10699.731875
2003 15474874 9671.79625
2002 18137932 11336.2075
2001 24698478 15436.54875
2000 22865543 14290.964375
1999 21030343 13143.964375
1998 20025833 12516.145625
1997 20515111 12821.944375
1996 21089443 13180.901875
1995 19432725 12145.453125
1994 19920758 12450.47375
1993 21599610 13499.75625
1992 21785255 13615.784375
1991 21854517 13659.073125
1990 21963007 13726.879375
1989 26542481 16589.050625
1988 18254978 11409.36125
1987 22454664 14034.165
1986 17274264 10796.415
