Year, # of pixels with more than 75 percent detections
2017 27867165 17417
2016 24809143 15506
2015 22922329 14326
2014 26113593 16321
2013 26957241 16848
2012 32552722 20345
2011 46747568 29217
2010 28166185 17604
2009 22563012 14102
2008 22781608 14239
2007 22350702 13969
2006 24040827 15026
2005 22349443 13968
2004 23713123 14821
2003 21872294 13670
2002 24479535 15300
2001 41895193 26184
2000 36484029 22803
1999 30482548 19052
1998 25143190 15714
1997 27821632 17389
1996 26538253 16586
1995 25987363 16242
1994 24448690 15280
1993 29031615 18145
1992 27762446 17352
1991 28257789 17661
1990 28861135 18038
1989 37788047 23618
1988 23373772 14609
1987 24582224 15364
1986 17274264 10796
